2025-01-23 18:31:53,632 - INFO - [31m[1mWARNING: This is a development server. Do not use it in a production deployment. Use a production WSGI server instead.[0m
 * Running on http://127.0.0.1:5000
2025-01-23 18:31:53,633 - INFO - [33mPress CTRL+C to quit[0m
2025-01-23 18:31:53,636 - INFO -  * Restarting with stat
2025-01-23 18:31:54,439 - WARNING -  * Debugger is active!
2025-01-23 18:31:54,445 - INFO -  * Debugger PIN: 576-265-529
2025-01-23 18:31:57,684 - INFO - Mengakses halaman utama.
2025-01-23 18:31:57,697 - INFO - 127.0.0.1 - - [23/Jan/2025 18:31:57] "GET / HTTP/1.1" 200 -
2025-01-23 18:31:58,001 - INFO - 127.0.0.1 - - [23/Jan/2025 18:31:58] "[36mGET /static/css/style.css HTTP/1.1[0m" 304 -
2025-01-23 18:31:58,096 - INFO - 127.0.0.1 - - [23/Jan/2025 18:31:58] "[33mGET /favicon.ico HTTP/1.1[0m" 404 -
2025-01-23 18:32:12,587 - INFO - Memulai route /upload, upload & encrypt | CPU: 0.00% | RAM: 6162.87 MB
2025-01-23 18:32:12,596 - INFO - Nama file baru yang dihasilkan: tessgZ59yhi.pdf
2025-01-23 18:32:12,596 - INFO - Ukuran file pengguna sebelum enkripsi: 1048576 bytes
2025-01-23 18:32:12,597 - INFO - Memulai enkripsi file pengguna menggunakan AES...
2025-01-23 18:32:12,599 - INFO - Melakukan enkripsi AES
2025-01-23 18:32:12,609 - DEBUG - Enkripsi AES selesai.
2025-01-23 18:32:12,612 - INFO - File terenkripsi disimpan di: uploads\tessgZ59yhi.pdf
2025-01-23 18:32:12,612 - INFO - Membuat pasangan kunci RSA baru...
2025-01-23 18:32:12,750 - INFO - Melakukan enkripsi RSA untuk secret key...
2025-01-23 18:32:12,753 - DEBUG - Enkripsi RSA selesai.
2025-01-23 18:32:12,753 - INFO - Melakukan hash pada password...
2025-01-23 18:32:12,754 - DEBUG - Password berhasil di-hash
2025-01-23 18:32:12,755 - INFO - Memulai enkripsi data kunci (.key) menggunakan AES...
2025-01-23 18:32:12,755 - INFO - Melakukan enkripsi AES
2025-01-23 18:32:12,756 - DEBUG - Enkripsi AES selesai.
2025-01-23 18:32:12,770 - INFO - File .key terenkripsi disimpan di: uploads\tessgZ59yhi.pdf.key
2025-01-23 18:32:12,771 - INFO - File berhasil di-upload dan terenkripsi. Waktu yang dibutuhkan: 0.191445 detik
2025-01-23 18:32:12,779 - INFO - upload dan enkripsi selesai, route /upload berhasil | CPU: 13.50% | RAM: 6168.54 MB
2025-01-23 18:32:12,784 - INFO - 127.0.0.1 - - [23/Jan/2025 18:32:12] "[32mPOST /upload HTTP/1.1[0m" 302 -
2025-01-23 18:32:12,793 - INFO - Menampilkan halaman sukses.
2025-01-23 18:32:12,801 - INFO - 127.0.0.1 - - [23/Jan/2025 18:32:12] "GET /success HTTP/1.1" 200 -
2025-01-23 18:32:22,027 - INFO - Mengunduh private key...
2025-01-23 18:32:22,028 - INFO - Private key ditemukan, mengirimkan file
2025-01-23 18:32:22,067 - INFO - 127.0.0.1 - - [23/Jan/2025 18:32:22] "POST /download_key HTTP/1.1" 200 -
2025-01-23 18:32:27,253 - INFO - Mengakses halaman utama.
2025-01-23 18:32:27,254 - INFO - 127.0.0.1 - - [23/Jan/2025 18:32:27] "GET / HTTP/1.1" 200 -
2025-01-23 18:32:27,279 - INFO - 127.0.0.1 - - [23/Jan/2025 18:32:27] "[36mGET /static/css/style.css HTTP/1.1[0m" 304 -
2025-01-23 18:32:38,385 - INFO - Memulai route /download, decrypt & download | CPU: 0.00% | RAM: 6263.75 MB
2025-01-23 18:32:38,455 - INFO - Melakukan hash pada password...
2025-01-23 18:32:38,456 - DEBUG - Password berhasil di-hash
2025-01-23 18:32:38,472 - INFO - Memulai dekripsi file .key menggunakan AES...
2025-01-23 18:32:38,473 - INFO - Melakukan dekripsi AES
2025-01-23 18:32:38,473 - DEBUG - Dekripsi AES selesai.
2025-01-23 18:32:38,473 - INFO - Melakukan dekripsi RSA untuk secret key...
2025-01-23 18:32:38,476 - DEBUG - Dekripsi RSA selesai.
2025-01-23 18:32:38,477 - INFO - Memulai dekripsi file pengguna menggunakan AES...
2025-01-23 18:32:38,493 - INFO - Ukuran file pengguna sebelum dekripsi: 1048592 bytes
2025-01-23 18:32:38,493 - INFO - Melakukan dekripsi AES
2025-01-23 18:32:38,498 - DEBUG - Dekripsi AES selesai.
2025-01-23 18:32:38,499 - INFO - /download selesai. Waktu yang dibutuhkan: 0.121205 detik
2025-01-23 18:32:38,506 - INFO - decrypt & download sukses, route /download selesai | CPU: 4.80% | RAM: 6269.75 MB
2025-01-23 18:32:38,509 - INFO - 127.0.0.1 - - [23/Jan/2025 18:32:38] "POST /download HTTP/1.1" 200 -
2025-01-23 18:33:28,046 - INFO - Memulai route /upload, upload & encrypt | CPU: 0.00% | RAM: 6160.30 MB
2025-01-23 18:33:28,063 - INFO - Nama file baru yang dihasilkan: tesUXYByvN.pdf
2025-01-23 18:33:28,063 - INFO - Ukuran file pengguna sebelum enkripsi: 5242880 bytes
2025-01-23 18:33:28,064 - INFO - Memulai enkripsi file pengguna menggunakan AES...
2025-01-23 18:33:28,067 - INFO - Melakukan enkripsi AES
2025-01-23 18:33:28,085 - DEBUG - Enkripsi AES selesai.
2025-01-23 18:33:28,090 - INFO - File terenkripsi disimpan di: uploads\tesUXYByvN.pdf
2025-01-23 18:33:28,091 - INFO - Membuat pasangan kunci RSA baru...
2025-01-23 18:33:28,176 - INFO - Melakukan enkripsi RSA untuk secret key...
2025-01-23 18:33:28,177 - DEBUG - Enkripsi RSA selesai.
2025-01-23 18:33:28,178 - INFO - Melakukan hash pada password...
2025-01-23 18:33:28,178 - DEBUG - Password berhasil di-hash
2025-01-23 18:33:28,178 - INFO - Memulai enkripsi data kunci (.key) menggunakan AES...
2025-01-23 18:33:28,179 - INFO - Melakukan enkripsi AES
2025-01-23 18:33:28,179 - DEBUG - Enkripsi AES selesai.
2025-01-23 18:33:28,181 - INFO - File .key terenkripsi disimpan di: uploads\tesUXYByvN.pdf.key
2025-01-23 18:33:28,181 - INFO - File berhasil di-upload dan terenkripsi. Waktu yang dibutuhkan: 0.145160 detik
2025-01-23 18:33:28,188 - INFO - upload dan enkripsi selesai, route /upload berhasil | CPU: 2.60% | RAM: 6177.80 MB
2025-01-23 18:33:28,194 - INFO - 127.0.0.1 - - [23/Jan/2025 18:33:28] "[32mPOST /upload HTTP/1.1[0m" 302 -
2025-01-23 18:33:28,201 - INFO - Menampilkan halaman sukses.
2025-01-23 18:33:28,203 - INFO - 127.0.0.1 - - [23/Jan/2025 18:33:28] "GET /success HTTP/1.1" 200 -
2025-01-23 18:33:32,369 - INFO - Mengunduh private key...
2025-01-23 18:33:32,370 - INFO - Private key ditemukan, mengirimkan file
2025-01-23 18:33:32,396 - INFO - 127.0.0.1 - - [23/Jan/2025 18:33:32] "POST /download_key HTTP/1.1" 200 -
2025-01-23 18:33:33,731 - INFO - Mengakses halaman utama.
2025-01-23 18:33:33,732 - INFO - 127.0.0.1 - - [23/Jan/2025 18:33:33] "GET / HTTP/1.1" 200 -
2025-01-23 18:33:33,747 - INFO - 127.0.0.1 - - [23/Jan/2025 18:33:33] "[36mGET /static/css/style.css HTTP/1.1[0m" 304 -
2025-01-23 18:33:44,540 - INFO - Memulai route /download, decrypt & download | CPU: 0.00% | RAM: 6165.15 MB
2025-01-23 18:33:44,604 - INFO - Melakukan hash pada password...
2025-01-23 18:33:44,606 - DEBUG - Password berhasil di-hash
2025-01-23 18:33:44,623 - INFO - Memulai dekripsi file .key menggunakan AES...
2025-01-23 18:33:44,624 - INFO - Melakukan dekripsi AES
2025-01-23 18:33:44,624 - DEBUG - Dekripsi AES selesai.
2025-01-23 18:33:44,625 - INFO - Melakukan dekripsi RSA untuk secret key...
2025-01-23 18:33:44,627 - DEBUG - Dekripsi RSA selesai.
2025-01-23 18:33:44,628 - INFO - Memulai dekripsi file pengguna menggunakan AES...
2025-01-23 18:33:44,643 - INFO - Ukuran file pengguna sebelum dekripsi: 5242896 bytes
2025-01-23 18:33:44,643 - INFO - Melakukan dekripsi AES
2025-01-23 18:33:44,660 - DEBUG - Dekripsi AES selesai.
2025-01-23 18:33:44,661 - INFO - /download selesai. Waktu yang dibutuhkan: 0.128453 detik
2025-01-23 18:33:44,667 - INFO - decrypt & download sukses, route /download selesai | CPU: 4.30% | RAM: 6182.43 MB
2025-01-23 18:33:44,670 - INFO - 127.0.0.1 - - [23/Jan/2025 18:33:44] "POST /download HTTP/1.1" 200 -
2025-01-23 18:34:07,121 - INFO - Memulai route /upload, upload & encrypt | CPU: 0.00% | RAM: 6165.37 MB
2025-01-23 18:34:07,155 - INFO - Nama file baru yang dihasilkan: tes37cdpnMW.pdf
2025-01-23 18:34:07,156 - INFO - Ukuran file pengguna sebelum enkripsi: 10485760 bytes
2025-01-23 18:34:07,156 - INFO - Memulai enkripsi file pengguna menggunakan AES...
2025-01-23 18:34:07,161 - INFO - Melakukan enkripsi AES
2025-01-23 18:34:07,194 - DEBUG - Enkripsi AES selesai.
2025-01-23 18:34:07,204 - INFO - File terenkripsi disimpan di: uploads\tes37cdpnMW.pdf
2025-01-23 18:34:07,205 - INFO - Membuat pasangan kunci RSA baru...
2025-01-23 18:34:07,240 - INFO - Melakukan enkripsi RSA untuk secret key...
2025-01-23 18:34:07,240 - DEBUG - Enkripsi RSA selesai.
2025-01-23 18:34:07,241 - INFO - Melakukan hash pada password...
2025-01-23 18:34:07,241 - DEBUG - Password berhasil di-hash
2025-01-23 18:34:07,242 - INFO - Memulai enkripsi data kunci (.key) menggunakan AES...
2025-01-23 18:34:07,242 - INFO - Melakukan enkripsi AES
2025-01-23 18:34:07,242 - DEBUG - Enkripsi AES selesai.
2025-01-23 18:34:07,244 - INFO - File .key terenkripsi disimpan di: uploads\tes37cdpnMW.pdf.key
2025-01-23 18:34:07,244 - INFO - File berhasil di-upload dan terenkripsi. Waktu yang dibutuhkan: 0.133548 detik
2025-01-23 18:34:07,250 - INFO - upload dan enkripsi selesai, route /upload berhasil | CPU: 7.10% | RAM: 6182.25 MB
2025-01-23 18:34:07,258 - INFO - 127.0.0.1 - - [23/Jan/2025 18:34:07] "[32mPOST /upload HTTP/1.1[0m" 302 -
2025-01-23 18:34:07,265 - INFO - Menampilkan halaman sukses.
2025-01-23 18:34:07,267 - INFO - 127.0.0.1 - - [23/Jan/2025 18:34:07] "GET /success HTTP/1.1" 200 -
2025-01-23 18:34:10,842 - INFO - Mengunduh private key...
2025-01-23 18:34:10,843 - INFO - Private key ditemukan, mengirimkan file
2025-01-23 18:34:10,865 - INFO - 127.0.0.1 - - [23/Jan/2025 18:34:10] "POST /download_key HTTP/1.1" 200 -
2025-01-23 18:34:12,231 - INFO - Mengakses halaman utama.
2025-01-23 18:34:12,232 - INFO - 127.0.0.1 - - [23/Jan/2025 18:34:12] "GET / HTTP/1.1" 200 -
2025-01-23 18:34:12,247 - INFO - 127.0.0.1 - - [23/Jan/2025 18:34:12] "[36mGET /static/css/style.css HTTP/1.1[0m" 304 -
2025-01-23 18:34:23,585 - INFO - Memulai route /download, decrypt & download | CPU: 0.00% | RAM: 6171.54 MB
2025-01-23 18:34:23,651 - INFO - Melakukan hash pada password...
2025-01-23 18:34:23,652 - DEBUG - Password berhasil di-hash
2025-01-23 18:34:23,664 - INFO - Memulai dekripsi file .key menggunakan AES...
2025-01-23 18:34:23,664 - INFO - Melakukan dekripsi AES
2025-01-23 18:34:23,666 - DEBUG - Dekripsi AES selesai.
2025-01-23 18:34:23,667 - INFO - Melakukan dekripsi RSA untuk secret key...
2025-01-23 18:34:23,669 - DEBUG - Dekripsi RSA selesai.
2025-01-23 18:34:23,670 - INFO - Memulai dekripsi file pengguna menggunakan AES...
2025-01-23 18:34:23,687 - INFO - Ukuran file pengguna sebelum dekripsi: 10485776 bytes
2025-01-23 18:34:23,687 - INFO - Melakukan dekripsi AES
2025-01-23 18:34:23,722 - DEBUG - Dekripsi AES selesai.
2025-01-23 18:34:23,723 - INFO - /download selesai. Waktu yang dibutuhkan: 0.143952 detik
2025-01-23 18:34:23,728 - INFO - decrypt & download sukses, route /download selesai | CPU: 3.90% | RAM: 6190.80 MB
2025-01-23 18:34:23,732 - INFO - 127.0.0.1 - - [23/Jan/2025 18:34:23] "POST /download HTTP/1.1" 200 -
2025-01-23 18:34:39,560 - INFO - Memulai route /upload, upload & encrypt | CPU: 0.00% | RAM: 6169.16 MB
2025-01-23 18:34:39,852 - INFO - Nama file baru yang dihasilkan: tes4zrMVQyy.pdf
2025-01-23 18:34:39,852 - INFO - Ukuran file pengguna sebelum enkripsi: 104857600 bytes
2025-01-23 18:34:39,852 - INFO - Memulai enkripsi file pengguna menggunakan AES...
2025-01-23 18:34:39,898 - INFO - Melakukan enkripsi AES
2025-01-23 18:34:40,220 - DEBUG - Enkripsi AES selesai.
2025-01-23 18:34:40,437 - INFO - File terenkripsi disimpan di: uploads\tes4zrMVQyy.pdf
2025-01-23 18:34:40,438 - INFO - Membuat pasangan kunci RSA baru...
2025-01-23 18:34:40,657 - INFO - Melakukan enkripsi RSA untuk secret key...
2025-01-23 18:34:40,658 - DEBUG - Enkripsi RSA selesai.
2025-01-23 18:34:40,658 - INFO - Melakukan hash pada password...
2025-01-23 18:34:40,659 - DEBUG - Password berhasil di-hash
2025-01-23 18:34:40,659 - INFO - Memulai enkripsi data kunci (.key) menggunakan AES...
2025-01-23 18:34:40,660 - INFO - Melakukan enkripsi AES
2025-01-23 18:34:40,660 - DEBUG - Enkripsi AES selesai.
2025-01-23 18:34:40,661 - INFO - File .key terenkripsi disimpan di: uploads\tes4zrMVQyy.pdf.key
2025-01-23 18:34:40,662 - INFO - File berhasil di-upload dan terenkripsi. Waktu yang dibutuhkan: 1.115509 detik
2025-01-23 18:34:40,670 - INFO - upload dan enkripsi selesai, route /upload berhasil | CPU: 6.60% | RAM: 6370.49 MB
2025-01-23 18:34:40,695 - INFO - 127.0.0.1 - - [23/Jan/2025 18:34:40] "[32mPOST /upload HTTP/1.1[0m" 302 -
2025-01-23 18:34:40,702 - INFO - Menampilkan halaman sukses.
2025-01-23 18:34:40,704 - INFO - 127.0.0.1 - - [23/Jan/2025 18:34:40] "GET /success HTTP/1.1" 200 -
2025-01-23 18:34:44,047 - INFO - Mengunduh private key...
2025-01-23 18:34:44,048 - INFO - Private key ditemukan, mengirimkan file
2025-01-23 18:34:44,084 - INFO - 127.0.0.1 - - [23/Jan/2025 18:34:44] "POST /download_key HTTP/1.1" 200 -
2025-01-23 18:34:49,523 - INFO - Mengakses halaman utama.
2025-01-23 18:34:49,524 - INFO - 127.0.0.1 - - [23/Jan/2025 18:34:49] "GET / HTTP/1.1" 200 -
2025-01-23 18:34:49,542 - INFO - 127.0.0.1 - - [23/Jan/2025 18:34:49] "[36mGET /static/css/style.css HTTP/1.1[0m" 304 -
2025-01-23 18:34:59,200 - INFO - Memulai route /download, decrypt & download | CPU: 0.00% | RAM: 6172.91 MB
2025-01-23 18:34:59,267 - INFO - Melakukan hash pada password...
2025-01-23 18:34:59,267 - DEBUG - Password berhasil di-hash
2025-01-23 18:34:59,279 - INFO - Memulai dekripsi file .key menggunakan AES...
2025-01-23 18:34:59,280 - INFO - Melakukan dekripsi AES
2025-01-23 18:34:59,280 - DEBUG - Dekripsi AES selesai.
2025-01-23 18:34:59,281 - INFO - Melakukan dekripsi RSA untuk secret key...
2025-01-23 18:34:59,283 - DEBUG - Dekripsi RSA selesai.
2025-01-23 18:34:59,284 - INFO - Memulai dekripsi file pengguna menggunakan AES...
2025-01-23 18:34:59,348 - INFO - Ukuran file pengguna sebelum dekripsi: 104857616 bytes
2025-01-23 18:34:59,348 - INFO - Melakukan dekripsi AES
2025-01-23 18:34:59,676 - DEBUG - Dekripsi AES selesai.
2025-01-23 18:34:59,676 - INFO - /download selesai. Waktu yang dibutuhkan: 0.484203 detik
2025-01-23 18:34:59,682 - INFO - decrypt & download sukses, route /download selesai | CPU: 7.10% | RAM: 6387.64 MB
2025-01-23 18:34:59,692 - INFO - 127.0.0.1 - - [23/Jan/2025 18:34:59] "POST /download HTTP/1.1" 200 -
